app/build/intermediates/manifest_merge_blame_file/debug/manifest-merger-blame-debug-report.txt
1<?xml version="1.0" encoding="utf-8"?>
2<manifest xmlns:android="http://schemas.android.com/apk/res/android"
3    package="com.example.myapplication"
4    android:versionCode="1"
5    android:versionName="1.0" >
6
7    <uses-sdk
8        android:minSdkVersion="21"
8-->src\main\AndroidManifest.xml
9        android:targetSdkVersion="31" />
9-->src\main\AndroidManifest.xml
10
11    <uses-permission android:name="android.permission.INTERNET" />
11-->src\main\AndroidManifest.xml:5:5-67
11-->src\main\AndroidManifest.xml:5:22-64
12
13    <application
13-->src\main\AndroidManifest.xml:7:5-52:19
14        android:allowBackup="true"
14-->src\main\AndroidManifest.xml:8:9-35
15        android:appComponentFactory="androidx.core.app.CoreComponentFactory"
15-->[androidx.core:core:1.7.0] AndroidManifest.xml:24:18-86
16        android:debuggable="true"
17        android:icon="@mipmap/ic_launcher"
17-->src\main\AndroidManifest.xml:9:9-43
18        android:label="@string/app_name"
18-->src\main\AndroidManifest.xml:10:9-41
19        android:roundIcon="@mipmap/ic_launcher_round"
19-->src\main\AndroidManifest.xml:11:9-54
20        android:supportsRtl="true"
20-->src\main\AndroidManifest.xml:12:9-35
21        android:testOnly="true"
22        android:theme="@style/Theme.MyApplication" >
22-->src\main\AndroidManifest.xml:13:9-51
23        <activity
23-->src\main\AndroidManifest.xml:14:9-29:16
24            android:name="com.example.myapplication.ExternalEventView.external_event_view"
24-->src\main\AndroidManifest.xml:14:19-72
25            android:exported="true" >
25-->src\main\AndroidManifest.xml:15:13-36
26            android:name=".ExternalEventView.external_event_view"
27            android:exported="true"
28            <intent-filter>
28-->src\main\AndroidManifest.xml:18:13-28:29
29                <action android:name="android.intent.action.VIEW" />
29-->src\main\AndroidManifest.xml:19:17-76
29-->src\main\AndroidManifest.xml:19:25-66
30
31                <category android:name="android.intent.category.DEFAULT" />
31-->src\main\AndroidManifest.xml:20:17-85
31-->src\main\AndroidManifest.xml:20:27-73
32                <category android:name="android.intent.category.BROWSABLE" />
32-->src\main\AndroidManifest.xml:21:17-87
32-->src\main\AndroidManifest.xml:21:27-75
33
34                <data
34-->src\main\AndroidManifest.xml:23:17-25:59
35                    android:host="@string/internalLink"
35-->src\main\AndroidManifest.xml:25:21-56
36                    android:scheme="https" />
36-->src\main\AndroidManifest.xml:24:21-43
37                <data
37-->src\main\AndroidManifest.xml:23:17-25:59
38                    android:host="@string/internalLink"
38-->src\main\AndroidManifest.xml:25:21-56
39                    android:scheme="http" />
39-->src\main\AndroidManifest.xml:24:21-43
40            </intent-filter>
41        </activity>
42        <activity
42-->src\main\AndroidManifest.xml:30:9-33:59
43            android:name="com.example.myapplication.ViewEventInfomation.event_details"
43-->src\main\AndroidManifest.xml:31:13-62
44            android:exported="true"
44-->src\main\AndroidManifest.xml:32:13-36
45            android:windowSoftInputMode="adjustNothing" />
45-->src\main\AndroidManifest.xml:33:13-56
46        <activity
46-->src\main\AndroidManifest.xml:34:9-37:59
47            android:name="com.example.myapplication.Dashboard.dashboard"
47-->src\main\AndroidManifest.xml:35:13-48
48            android:exported="true"
48-->src\main\AndroidManifest.xml:36:13-36
49            android:windowSoftInputMode="adjustNothing" />
49-->src\main\AndroidManifest.xml:37:13-56
50        <activity
50-->src\main\AndroidManifest.xml:38:9-41:59
51            android:name="com.example.myapplication.NewEvent.newEventForm"
51-->src\main\AndroidManifest.xml:39:13-50
52            android:exported="true"
52-->src\main\AndroidManifest.xml:40:13-36
53            android:windowSoftInputMode="adjustNothing" />
53-->src\main\AndroidManifest.xml:41:13-56
54        <activity
54-->src\main\AndroidManifest.xml:42:9-51:20
55            android:name="com.example.myapplication.Login.login"
55-->src\main\AndroidManifest.xml:43:13-40
56            android:exported="true"
56-->src\main\AndroidManifest.xml:44:13-36
57            android:windowSoftInputMode="adjustNothing" >
57-->src\main\AndroidManifest.xml:45:13-56
58            <intent-filter>
58-->src\main\AndroidManifest.xml:46:13-50:29
59                <action android:name="android.intent.action.MAIN" />
59-->src\main\AndroidManifest.xml:47:17-69
59-->src\main\AndroidManifest.xml:47:25-66
60
61                <category android:name="android.intent.category.LAUNCHER" />
61-->src\main\AndroidManifest.xml:49:17-77
61-->src\main\AndroidManifest.xml:49:27-74
62            </intent-filter>
63        </activity>
64
65        <provider
65-->[androidx.emoji2:emoji2:1.0.0] AndroidManifest.xml:26:9-34:20
66            android:name="androidx.startup.InitializationProvider"
66-->[androidx.emoji2:emoji2:1.0.0] AndroidManifest.xml:27:13-67
67            android:authorities="com.example.myapplication.androidx-startup"
67-->[androidx.emoji2:emoji2:1.0.0] AndroidManifest.xml:28:13-68
68            android:exported="false" >
68-->[androidx.emoji2:emoji2:1.0.0] AndroidManifest.xml:29:13-37
69            <meta-data
69-->[androidx.emoji2:emoji2:1.0.0] AndroidManifest.xml:31:13-33:52
70                android:name="androidx.emoji2.text.EmojiCompatInitializer"
70-->[androidx.emoji2:emoji2:1.0.0] AndroidManifest.xml:32:17-75
71                android:value="androidx.startup" />
71-->[androidx.emoji2:emoji2:1.0.0] AndroidManifest.xml:33:17-49
72            <meta-data
72-->[androidx.lifecycle:lifecycle-process:2.4.0] AndroidManifest.xml:31:13-33:52
73                android:name="androidx.lifecycle.ProcessLifecycleInitializer"
73-->[androidx.lifecycle:lifecycle-process:2.4.0] AndroidManifest.xml:32:17-78
74                android:value="androidx.startup" />
74-->[androidx.lifecycle:lifecycle-process:2.4.0] AndroidManifest.xml:33:17-49
75        </provider>
76
77        <uses-library
77-->[androidx.window:window:1.0.0] AndroidManifest.xml:25:9-27:40
78            android:name="androidx.window.extensions"
78-->[androidx.window:window:1.0.0] AndroidManifest.xml:26:13-54
79            android:required="false" />
79-->[androidx.window:window:1.0.0] AndroidManifest.xml:27:13-37
80        <uses-library
80-->[androidx.window:window:1.0.0] AndroidManifest.xml:28:9-30:40
81            android:name="androidx.window.sidecar"
81-->[androidx.window:window:1.0.0] AndroidManifest.xml:29:13-51
82            android:required="false" />
82-->[androidx.window:window:1.0.0] AndroidManifest.xml:30:13-37
83
84        <service
84-->[androidx.room:room-runtime:2.2.6] AndroidManifest.xml:25:9-28:40
85            android:name="androidx.room.MultiInstanceInvalidationService"
85-->[androidx.room:room-runtime:2.2.6] AndroidManifest.xml:26:13-74
86            android:directBootAware="true"
86-->[androidx.room:room-runtime:2.2.6] AndroidManifest.xml:27:13-43
87            android:exported="false" />
87-->[androidx.room:room-runtime:2.2.6] AndroidManifest.xml:28:13-37
88    </application>
89
90</manifest>